2025-10-05 14:20:20, MOVE, v:1, k:toalha, mode:PICK
2025-10-05 14:20:22, EXEC, v:1, k:toalha, mode:LOCK, rate:0, size:41
2025-10-05 14:31:21, MOVE, v:1, k:toalha, mode:BACK
2025-10-05 19:03:37, MOVE, v:1, k:enxugar, mode:PICK
2025-10-05 19:03:38, EXEC, v:1, k:enxugar, mode:FULL, rate:0, size:0
2025-10-05 19:04:28, EXEC, v:1, k:enxugar, mode:FULL, rate:0, size:5
2025-10-05 19:05:06, EXEC, v:1, k:enxugar, mode:FULL, rate:0, size:13
2025-10-05 19:05:44, EXEC, v:1, k:enxugar, mode:FULL, rate:0, size:19
2025-10-05 19:06:21, EXEC, v:1, k:enxugar, mode:FULL, rate:0, size:24
2025-10-05 19:06:57, EXEC, v:1, k:enxugar, mode:FULL, rate:0, size:27
2025-10-05 19:07:22, EXEC, v:1, k:enxugar, mode:FULL, rate:0, size:30
2025-10-05 19:08:39, EXEC, v:1, k:enxugar, mode:FULL, rate:0, size:39
2025-10-05 19:09:30, EXEC, v:1, k:enxugar, mode:FULL, rate:0, size:104
2025-10-05 19:09:55, EXEC, v:1, k:enxugar, mode:FULL, rate:0, size:64
2025-10-05 19:12:17, EXEC, v:1, k:enxugar, mode:FULL, rate:100, size:87
2025-10-05 19:17:00, EXEC, v:1, k:enxugar, mode:FULL, rate:0, size:60
2025-10-05 19:18:45, MOVE, v:1, k:enxugar, mode:BACK
2025-10-05 19:20:52, MOVE, v:1, k:enxugar, mode:PICK
2025-10-05 19:20:53, EXEC, v:1, k:enxugar, mode:FULL, rate:100, size:97
2025-10-05 19:21:59, MOVE, v:1, k:enxugar, mode:BACK
2025-10-05 19:24:04, SELF, v:1, k:toalha, rate:60, iagen:_, other:_, alone:2, study:100
2025-10-05 19:24:54, SELF, v:1, k:animal, rate:100, iagen:_, other:_, alone:3, study:60
2025-10-05 19:27:10, SELF, v:1, k:enxugar, rate:100, iagen:_, other:_, alone:3, study:90
2025-10-05 19:30:23, MOVE, v:1, k:carro, mode:PICK
2025-10-05 19:30:25, EXEC, v:1, k:carro, mode:FULL, rate:0, size:9
2025-10-05 19:30:56, EXEC, v:1, k:carro, mode:FULL, rate:0, size:12
2025-10-05 19:31:26, EXEC, v:1, k:carro, mode:FULL, rate:0, size:17
2025-10-05 19:31:27, EXEC, v:1, k:carro, mode:FULL, rate:0
2025-10-05 19:32:25, EXEC, v:1, k:carro, mode:FULL, rate:0, size:34
2025-10-05 19:32:46, EXEC, v:1, k:carro, mode:FULL, rate:100, size:112
2025-10-05 19:33:57, MOVE, v:1, k:carro, mode:BACK
2025-10-05 19:34:49, SELF, v:1, k:carro, rate:100, iagen:_, other:_, alone:1, study:25
2025-10-05 19:42:01, SELF, v:1, k:git
2025-10-05 19:45:46, MOVE, v:1, k:calculadora, mode:PICK
2025-10-05 19:45:47, EXEC, v:1, k:calculadora, mode:FULL, rate:0, size:7
2025-10-05 19:46:49, EXEC, v:1, k:calculadora, mode:FULL, rate:0, size:10
2025-10-05 19:49:11, EXEC, v:1, k:calculadora, mode:FULL, rate:0, size:16
2025-10-05 19:49:50, EXEC, v:1, k:calculadora, mode:FULL, rate:0, size:24
2025-10-05 19:52:46, EXEC, v:1, k:calculadora, mode:FULL, rate:0, size:33
2025-10-05 19:53:25, EXEC, v:1, k:calculadora, mode:FULL, rate:0, size:71
2025-10-05 20:03:41, MOVE, v:1, k:calculadora, mode:BACK
2025-10-05 20:03:43, MOVE, v:1, k:calculadora, mode:PICK
2025-10-05 20:03:44, EXEC, v:1, k:calculadora, mode:FULL, rate:100, size:95
2025-10-05 20:04:32, MOVE, v:1, k:calculadora, mode:BACK
2025-10-05 20:06:05, SELF, v:1, k:calculadora, rate:100, iagen:_, other:_, alone:1, study:20
