2025-09-16 17:21:08, MOVE, v:1, k:carro, mode:DOWN
2025-09-16 17:21:11, MOVE, v:1, k:carro, mode:DOWN
2025-09-16 17:23:48, MOVE, v:1, k:carro, mode:PICK
2025-09-16 17:23:49, EXEC, v:1, k:carro, mode:FULL, rate:0, size:0
2025-09-16 17:24:16, EXEC, v:1, k:carro, mode:FULL, rate:0, size:1
2025-09-16 17:28:34, MOVE, v:1, k:carro, mode:BACK
2025-09-16 17:48:52, MOVE, v:1, k:toalha, mode:DOWN
2025-09-16 17:56:34, MOVE, v:1, k:toalha, mode:PICK
2025-09-16 17:56:36, EXEC, v:1, k:toalha, mode:LOCK, rate:100, size:0
2025-09-16 18:12:55, EXEC, v:1, k:toalha, mode:LOCK, rate:0, size:10
2025-09-16 18:14:02, EXEC, v:1, k:toalha, mode:LOCK, rate:0, size:12
2025-09-16 18:16:06, EXEC, v:1, k:toalha, mode:LOCK, rate:0, size:13
2025-09-16 18:22:33, MOVE, v:1, k:toalha, mode:BACK
2025-09-16 18:23:19, MOVE, v:1, k:toalha, mode:PICK
2025-09-16 18:23:20, EXEC, v:1, k:toalha, mode:LOCK, rate:0, size:16
2025-09-16 18:25:35, EXEC, v:1, k:toalha, mode:LOCK, rate:0, size:16
2025-09-16 18:27:27, EXEC, v:1, k:toalha, mode:LOCK, rate:0, size:19
2025-09-16 18:27:28, EXEC, v:1, k:toalha, mode:LOCK, rate:0
2025-09-16 18:27:40, EXEC, v:1, k:toalha, mode:LOCK, rate:0, size:19
2025-09-16 18:28:24, EXEC, v:1, k:toalha, mode:LOCK, rate:0, size:19
